2025-07-28 19:21:06,377 [WARNING] Missing dependency detected: Pillow. Installing...
2025-07-28 19:21:09,487 [INFO] Installed: Pillow
2025-07-28 19:21:14,301 [INFO] Theme selected: "Immersive and architectural" bathroom defines Dubai apartment
2025-07-28 19:21:20,574 [INFO] Prompts and captions generated
2025-07-28 19:21:22,083 [INFO] HTTP Request: POST https://api.replicate.com/v1/models/stability-ai/sdxl/predictions "HTTP/1.1 404 Not Found"
2025-07-28 19:21:23,083 [ERROR] Image gen failed for prompt 'What a delightful prompt! Here are 10 image prompts that capture the essence of an "immersive and architectural" bathroom in a Dubai apartment:': ReplicateError Details:
status: 404
detail: The requested resource could not be found.
2025-07-28 19:21:23,414 [INFO] HTTP Request: POST https://api.replicate.com/v1/models/stability-ai/sdxl/predictions "HTTP/1.1 404 Not Found"
2025-07-28 19:21:23,416 [ERROR] Image gen failed for prompt '**Golden Oasis**: A luxurious bathroom with a freestanding tub surrounded by a floor-to-ceiling glass wall, offering a stunning view of the Dubai skyline at sunset': ReplicateError Details:
status: 404
detail: The requested resource could not be found.
2025-07-28 19:21:24,055 [INFO] HTTP Request: POST https://api.replicate.com/v1/models/stability-ai/sdxl/predictions "HTTP/1.1 404 Not Found"
2025-07-28 19:21:26,022 [ERROR] Image gen failed for prompt '**Geometric Harmony**: A compact bathroom with a striking color scheme, featuring geometric patterns on the walls, floor, and fixtures, creating a futuristic atmosphere': ReplicateError Details:
status: 404
detail: The requested resource could not be found.
2025-07-28 19:21:26,656 [INFO] HTTP Request: POST https://api.replicate.com/v1/models/stability-ai/sdxl/predictions "HTTP/1.1 404 Not Found"
2025-07-28 19:21:28,288 [ERROR] Image gen failed for prompt '**Mirrored Maze**: A spacious bathroom with a seemingly endless array of mirrors, creating an immersive environment that appears to transport you to a surreal world': ReplicateError Details:
status: 404
detail: The requested resource could not be found.
2025-07-28 19:21:28,535 [INFO] HTTP Request: POST https://api.replicate.com/v1/models/stability-ai/sdxl/predictions "HTTP/1.1 404 Not Found"
2025-07-28 19:21:28,537 [ERROR] Image gen failed for prompt '**Waterfall Sink**: A sleek, modern bathroom with a unique sink design that appears to be a mini-waterfall, adding a touch of whimsy to the space': ReplicateError Details:
status: 404
detail: The requested resource could not be found.
2025-07-28 19:21:28,813 [INFO] HTTP Request: POST https://api.replicate.com/v1/models/stability-ai/sdxl/predictions "HTTP/1.1 404 Not Found"
2025-07-28 19:21:28,813 [ERROR] Image gen failed for prompt '**Arabesque Opulence**: A lavish bathroom inspired by traditional Arabic architecture, featuring intricate patterns, ornate fixtures, and luxurious materials like marble and gold': ReplicateError Details:
status: 404
detail: The requested resource could not be found.
2025-07-28 19:21:29,591 [INFO] HTTP Request: POST https://api.replicate.com/v1/models/stability-ai/sdxl/predictions "HTTP/1.1 404 Not Found"
2025-07-28 19:21:29,591 [ERROR] Image gen failed for prompt '**Whispering Walls**: A bathroom with an undulating stone wall that features a subtle audio installation, creating a soothing, calming ambiance': ReplicateError Details:
status: 404
detail: The requested resource could not be found.
2025-07-28 19:21:30,270 [INFO] HTTP Request: POST https://api.replicate.com/v1/models/stability-ai/sdxl/predictions "HTTP/1.1 404 Not Found"
2025-07-28 19:21:30,270 [ERROR] Image gen failed for prompt '**Floating Fixtures**: A futuristic bathroom with ethereal, suspended fixtures that appear to be defying gravity, adding an element of drama to the space': ReplicateError Details:
status: 404
detail: The requested resource could not be found.
2025-07-28 19:21:31,421 [INFO] HTTP Request: POST https://api.replicate.com/v1/models/stability-ai/sdxl/predictions "HTTP/1.1 404 Not Found"
2025-07-28 19:21:31,421 [ERROR] Image gen failed for prompt '**Starry Night**: A bathroom that extends the night sky indoors, featuring a ceiling installation with thousands of twinkling lights, creating a sense of weightlessness': ReplicateError Details:
status: 404
detail: The requested resource could not be found.
2025-07-28 19:21:31,686 [INFO] HTTP Request: POST https://api.replicate.com/v1/models/stability-ai/sdxl/predictions "HTTP/1.1 404 Not Found"
2025-07-28 19:21:31,686 [ERROR] Image gen failed for prompt '**Velvet Oasis**: A sumptuous bathroom with plush, velvety textures and a rich color palette, evoking the comfort and opulence of a luxurious desert retreat': ReplicateError Details:
status: 404
detail: The requested resource could not be found.
2025-07-28 19:21:31,686 [INFO] Images generated
2025-07-28 19:21:31,686 [WARNING] Couldn't render image: Invalid URL 'None': No scheme supplied. Perhaps you meant https://None?
2025-07-28 19:21:31,694 [WARNING] Couldn't render image: Invalid URL 'None': No scheme supplied. Perhaps you meant https://None?
2025-07-28 19:21:31,695 [WARNING] Couldn't render image: Invalid URL 'None': No scheme supplied. Perhaps you meant https://None?
2025-07-28 19:21:31,698 [WARNING] Couldn't render image: Invalid URL 'None': No scheme supplied. Perhaps you meant https://None?
2025-07-28 19:21:31,700 [WARNING] Couldn't render image: Invalid URL 'None': No scheme supplied. Perhaps you meant https://None?
2025-07-28 19:21:31,702 [WARNING] Couldn't render image: Invalid URL 'None': No scheme supplied. Perhaps you meant https://None?
2025-07-28 19:21:31,702 [WARNING] Couldn't render image: Invalid URL 'None': No scheme supplied. Perhaps you meant https://None?
2025-07-28 19:21:31,703 [WARNING] Couldn't render image: Invalid URL 'None': No scheme supplied. Perhaps you meant https://None?
2025-07-28 19:21:31,704 [WARNING] Couldn't render image: Invalid URL 'None': No scheme supplied. Perhaps you meant https://None?
2025-07-28 19:21:31,707 [WARNING] Couldn't render image: Invalid URL 'None': No scheme supplied. Perhaps you meant https://None?
2025-07-28 19:21:31,712 [INFO] PDF saved to: output/ASK:_"Immersive_and_architectural"_bathroom_defines_Dubai_apartment.pdf
2025-07-28 19:21:31,712 [INFO] Zine build complete.
